<?xml version="1.0" encoding="UTF-8"?>
<testsuite xmlns:xsi="http://www.w3.org/2001/XMLSchema-instance" xsi:noNamespaceSchemaLocation="https://maven.apache.org/surefire/maven-surefire-plugin/xsd/surefire-test-report-3.0.xsd" version="3.0" name="liuAppiumTutorial.SeleniumTest" time="0.562" tests="2" errors="0" skipped="0" failures="1">
  <properties>
[...]
</properties>
  <testcase name="browserAutomation" classname="liuAppiumTutorial.SeleniumTest" time="0.013">
    <failure message="expected [2] but found [1]" type="java.lang.AssertionError"><![CDATA[java.lang.AssertionError: expected [2] but found [1]
	at liuAppiumTutorial.SeleniumTest.browserAutomation(SeleniumTest.java:12)
]]></failure>
    <system-out><![CDATA[browserAutomation
]]></system-out>
  </testcase>
  <testcase name="elementsUi" classname="liuAppiumTutorial.SeleniumTest" time="0.001"/>
</testsuite>